The system is: Windows - 10.0.19044 - AMD64
Compiling the CXX compiler identification source file "CMakeCXXCompilerId.cpp" succeeded.
Compiler:  
Build flags: 
Id flags:  

The output was:
0
Microsoft (R) Build Engine verze 16.4.0+e901037fe pro .NET Framework
Copyright (C) Microsoft Corporation. Všechna práva vyhrazena.

Vytváření sestavení bylo zahájeno 02.04.2022 10:36:39.
Projekt C:\projekty\BakalarkaFlutter\build\windows\CMakeFiles\3.15.19101501-MSVC_2\CompilerIdCXX\CompilerIdCXX.vcxproj v uzlu 1 (výchozí cíle).
PrepareForBuild:
  Probíhá vytváření adresáře Debug\.
  Probíhá vytváření adresáře Debug\CompilerIdCXX.tlog\.
InitializeBuildStatus:
  Probíhá vytváření souboru Debug\CompilerIdCXX.tlog\unsuccessfulbuild v důsledku zadání AlwaysCreate.
ClCompile:
  C:\Program Files (x86)\Microsoft Visual Studio\2019\Community\VC\Tools\MSVC\14.24.28314\bin\HostX64\x64\CL.exe /c /nologo /W0 /WX- /diagnostics:column /Od /D _MBCS /Gm- /EHsc /RTC1 /MDd /GS /fp:precise /Zc:wchar_t /Zc:forScope /Zc:inline /Fo"Debug\\" /Fd"Debug\vc142.pdb" /Gd /TP /FC /errorReport:queue CMakeCXXCompilerId.cpp
  CMakeCXXCompilerId.cpp
Link:
  C:\Program Files (x86)\Microsoft Visual Studio\2019\Community\VC\Tools\MSVC\14.24.28314\bin\HostX64\x64\link.exe /ERRORREPORT:QUEUE /OUT:".\CompilerIdCXX.exe" /INCREMENTAL:NO /NOLOGO kernel32.lib user32.lib gdi32.lib winspool.lib comdlg32.lib advapi32.lib shell32.lib ole32.lib oleaut32.lib uuid.lib odbc32.lib odbccp32.lib /MANIFEST /MANIFESTUAC:"level='asInvoker' uiAccess='false'" /manifest:embed /PDB:".\CompilerIdCXX.pdb" /SUBSYSTEM:CONSOLE /TLBID:1 /DYNAMICBASE /NXCOMPAT /IMPLIB:".\CompilerIdCXX.lib" /MACHINE:X64 Debug\CMakeCXXCompilerId.obj
  CompilerIdCXX.vcxproj -> C:\projekty\BakalarkaFlutter\build\windows\CMakeFiles\3.15.19101501-MSVC_2\CompilerIdCXX\.\CompilerIdCXX.exe
PostBuildEvent:
  for %%i in (cl.exe) do @echo CMAKE_CXX_COMPILER=%%~$PATH:i
  :VCEnd
  CMAKE_CXX_COMPILER=C:\Program Files (x86)\Microsoft Visual Studio\2019\Community\VC\Tools\MSVC\14.24.28314\bin\Hostx64\x64\cl.exe
FinalizeBuildStatus:
  Probíhá odstraňování souboru Debug\CompilerIdCXX.tlog\unsuccessfulbuild.
  Probíhá aktualizace časového razítka pro Debug\CompilerIdCXX.tlog\CompilerIdCXX.lastbuildstate.
Sestavení projektu C:\projekty\BakalarkaFlutter\build\windows\CMakeFiles\3.15.19101501-MSVC_2\CompilerIdCXX\CompilerIdCXX.vcxproj (s výchozími cíli) bylo dokončeno.

Vytváření sestavení bylo úspěšně dokončeno.
    0 upozornění
    Počet chyb: 0

Uplynulý čas 00:00:01.26


Compilation of the CXX compiler identification source "CMakeCXXCompilerId.cpp" produced "CompilerIdCXX.exe"

Compilation of the CXX compiler identification source "CMakeCXXCompilerId.cpp" produced "CompilerIdCXX.vcxproj"

The CXX compiler identification is MSVC, found in "C:/projekty/BakalarkaFlutter/build/windows/CMakeFiles/3.15.19101501-MSVC_2/CompilerIdCXX/CompilerIdCXX.exe"

Determining if the CXX compiler works passed with the following output:
Change Dir: C:/projekty/BakalarkaFlutter/build/windows/CMakeFiles/CMakeTmp

Run Build Command(s):C:/Program Files (x86)/Microsoft Visual Studio/2019/Community/MSBuild/Current/Bin/MSBuild.exe cmTC_fbc70.vcxproj /p:Configuration=Debug /p:Platform=x64 /p:VisualStudioVersion=16.0 /v:m && Microsoft (R) Build Engine verze 16.4.0+e901037fe pro .NET Framework
Copyright (C) Microsoft Corporation. Všechna práva vyhrazena.

  Optimalizující kompilátor C/C++ společnosti Microsoft (R) verze 19.24.28316 pro procesory x64
  testCXXCompiler.cxx
  Copyright (C) Microsoft Corporation. Všechna práva vyhrazena.
  cl /c /Zi /W3 /WX- /diagnostics:column /Od /Ob0 /D WIN32 /D _WINDOWS /D "CMAKE_INTDIR=\"Debug\"" /D _MBCS /Gm- /EHsc /RTC1 /MDd /GS /fp:precise /Zc:wchar_t /Zc:forScope /Zc:inline /GR /Fo"cmTC_fbc70.dir\Debug\\" /Fd"cmTC_fbc70.dir\Debug\vc142.pdb" /Gd /TP /errorReport:queue C:\projekty\BakalarkaFlutter\build\windows\CMakeFiles\CMakeTmp\testCXXCompiler.cxx
  cmTC_fbc70.vcxproj -> C:\projekty\BakalarkaFlutter\build\windows\CMakeFiles\CMakeTmp\Debug\cmTC_fbc70.exe



Detecting CXX compiler ABI info compiled with the following output:
Change Dir: C:/projekty/BakalarkaFlutter/build/windows/CMakeFiles/CMakeTmp

Run Build Command(s):C:/Program Files (x86)/Microsoft Visual Studio/2019/Community/MSBuild/Current/Bin/MSBuild.exe cmTC_bf795.vcxproj /p:Configuration=Debug /p:Platform=x64 /p:VisualStudioVersion=16.0 /v:m && Microsoft (R) Build Engine verze 16.4.0+e901037fe pro .NET Framework
Copyright (C) Microsoft Corporation. Všechna práva vyhrazena.

  Optimalizující kompilátor C/C++ společnosti Microsoft (R) verze 19.24.28316 pro procesory x64
  CMakeCXXCompilerABI.cpp
  Copyright (C) Microsoft Corporation. Všechna práva vyhrazena.
  cl /c /Zi /W3 /WX- /diagnostics:column /Od /Ob0 /D WIN32 /D _WINDOWS /D "CMAKE_INTDIR=\"Debug\"" /D _MBCS /Gm- /EHsc /RTC1 /MDd /GS /fp:precise /Zc:wchar_t /Zc:forScope /Zc:inline /GR /Fo"cmTC_bf795.dir\Debug\\" /Fd"cmTC_bf795.dir\Debug\vc142.pdb" /Gd /TP /errorReport:queue "C:\Program Files (x86)\Microsoft Visual Studio\2019\Community\Common7\IDE\CommonExtensions\Microsoft\CMake\CMake\share\cmake-3.15\Modules\CMakeCXXCompilerABI.cpp"
  cmTC_bf795.vcxproj -> C:\projekty\BakalarkaFlutter\build\windows\CMakeFiles\CMakeTmp\Debug\cmTC_bf795.exe



